<?xml version="1.0" encoding="UTF-8"?>
<testsuite xmlns:xsi="http://www.w3.org/2001/XMLSchema-instance" xsi:noNamespaceSchemaLocation="https://maven.apache.org/surefire/maven-surefire-plugin/xsd/surefire-test-report.xsd" name="com.flipkart.AppTest" time="0.144" tests="1" errors="0" skipped="0" failures="0">
  <properties>
    <property name="sun.desktop" value="windows"/>
    <property name="awt.toolkit" value="sun.awt.windows.WToolkit"/>
    <property name="file.encoding.pkg" value="sun.io"/>
    <property name="java.specification.version" value="1.8"/>
    <property name="sun.cpu.isalist" value="amd64"/>
    <property name="sun.jnu.encoding" value="Cp1252"/>
    <property name="java.class.path" value="C:\Users\Akshay Ghawade\Desktop\webappflipkart\target\test-classes;C:\Users\Akshay Ghawade\Desktop\webappflipkart\target\classes;C:\Users\Akshay Ghawade\.m2\repository\org\webjars\bowergithub\jcgueriaud\google-map\2.0.5p\google-map-2.0.5p.jar;C:\Users\Akshay Ghawade\.m2\repository\org\webjars\bowergithub\polymer\polymer\2.8.0\polymer-2.8.0.jar;C:\Users\Akshay Ghawade\.m2\repository\org\webjars\bowergithub\webcomponents\shadycss\1.9.1\shadycss-1.9.1.jar;C:\Users\Akshay Ghawade\.m2\repository\org\webjars\bowergithub\webcomponents\webcomponentsjs\2.0.0-beta.3\webcomponentsjs-2.0.0-beta.3.jar;C:\Users\Akshay Ghawade\.m2\repository\org\webjars\bowergithub\googlewebcomponents\google-apis\2.0.2\google-apis-2.0.2.jar;C:\Users\Akshay Ghawade\.m2\repository\org\webjars\bowergithub\polymerelements\iron-jsonp-library\2.1.0\iron-jsonp-library-2.1.0.jar;C:\Users\Akshay Ghawade\.m2\repository\org\webjars\bowergithub\polymerelements\iron-resizable-behavior\2.1.1\iron-resizable-behavior-2.1.1.jar;C:\Users\Akshay Ghawade\.m2\repository\org\webjars\bowergithub\polymerelements\iron-selector\2.1.0\iron-selector-2.1.0.jar;C:\Users\Akshay Ghawade\.m2\repository\com\heliorm\generate-sql-plugin\0.91\generate-sql-plugin-0.91.jar;C:\Users\Akshay Ghawade\.m2\repository\org\apache\maven\maven-plugin-api\3.6.0\maven-plugin-api-3.6.0.jar;C:\Users\Akshay Ghawade\.m2\repository\org\apache\maven\maven-model\3.6.0\maven-model-3.6.0.jar;C:\Users\Akshay Ghawade\.m2\repository\org\apache\maven\maven-artifact\3.6.0\maven-artifact-3.6.0.jar;C:\Users\Akshay Ghawade\.m2\repository\org\eclipse\sisu\org.eclipse.sisu.plexus\0.3.3\org.eclipse.sisu.plexus-0.3.3.jar;C:\Users\Akshay Ghawade\.m2\repository\javax\enterprise\cdi-api\1.0\cdi-api-1.0.jar;C:\Users\Akshay Ghawade\.m2\repository\javax\annotation\jsr250-api\1.0\jsr250-api-1.0.jar;C:\Users\Akshay Ghawade\.m2\repository\org\codehaus\plexus\plexus-utils\3.1.0\plexus-utils-3.1.0.jar;C:\Users\Akshay Ghawade\.m2\repository\org\codehaus\plexus\plexus-classworlds\2.5.2\plexus-classworlds-2.5.2.jar;C:\Users\Akshay Ghawade\.m2\repository\org\apache\maven\maven-core\3.6.0\maven-core-3.6.0.jar;C:\Users\Akshay Ghawade\.m2\repository\org\apache\maven\maven-settings\3.6.0\maven-settings-3.6.0.jar;C:\Users\Akshay Ghawade\.m2\repository\org\apache\maven\maven-settings-builder\3.6.0\maven-settings-builder-3.6.0.jar;C:\Users\Akshay Ghawade\.m2\repository\org\codehaus\plexus\plexus-interpolation\1.25\plexus-interpolation-1.25.jar;C:\Users\Akshay Ghawade\.m2\repository\org\sonatype\plexus\plexus-sec-dispatcher\1.4\plexus-sec-dispatcher-1.4.jar;C:\Users\Akshay Ghawade\.m2\repository\org\sonatype\plexus\plexus-cipher\1.4\plexus-cipher-1.4.jar;C:\Users\Akshay Ghawade\.m2\repository\org\apache\maven\maven-builder-support\3.6.0\maven-builder-support-3.6.0.jar;C:\Users\Akshay Ghawade\.m2\repository\org\apache\maven\maven-repository-metadata\3.6.0\maven-repository-metadata-3.6.0.jar;C:\Users\Akshay Ghawade\.m2\repository\org\apache\maven\maven-model-builder\3.6.0\maven-model-builder-3.6.0.jar;C:\Users\Akshay Ghawade\.m2\repository\org\apache\maven\maven-resolver-provider\3.6.0\maven-resolver-provider-3.6.0.jar;C:\Users\Akshay Ghawade\.m2\repository\org\slf4j\slf4j-api\1.7.25\slf4j-api-1.7.25.jar;C:\Users\Akshay Ghawade\.m2\repository\org\apache\maven\resolver\maven-resolver-impl\1.3.1\maven-resolver-impl-1.3.1.jar;C:\Users\Akshay Ghawade\.m2\repository\org\apache\maven\resolver\maven-resolver-api\1.3.1\maven-resolver-api-1.3.1.jar;C:\Users\Akshay Ghawade\.m2\repository\org\apache\maven\resolver\maven-resolver-spi\1.3.1\maven-resolver-spi-1.3.1.jar;C:\Users\Akshay Ghawade\.m2\repository\org\apache\maven\resolver\maven-resolver-util\1.3.1\maven-resolver-util-1.3.1.jar;C:\Users\Akshay Ghawade\.m2\repository\org\apache\maven\shared\maven-shared-utils\3.2.1\maven-shared-utils-3.2.1.jar;C:\Users\Akshay Ghawade\.m2\repository\commons-io\commons-io\2.5\commons-io-2.5.jar;C:\Users\Akshay Ghawade\.m2\repository\org\eclipse\sisu\org.eclipse.sisu.inject\0.3.3\org.eclipse.sisu.inject-0.3.3.jar;C:\Users\Akshay Ghawade\.m2\repository\com\google\inject\guice\4.2.1\guice-4.2.1-no_aop.jar;C:\Users\Akshay Ghawade\.m2\repository\aopalliance\aopalliance\1.0\aopalliance-1.0.jar;C:\Users\Akshay Ghawade\.m2\repository\com\google\guava\guava\25.1-android\guava-25.1-android.jar;C:\Users\Akshay Ghawade\.m2\repository\com\google\code\findbugs\jsr305\3.0.2\jsr305-3.0.2.jar;C:\Users\Akshay Ghawade\.m2\repository\org\checkerframework\checker-compat-qual\2.0.0\checker-compat-qual-2.0.0.jar;C:\Users\Akshay Ghawade\.m2\repository\com\google\errorprone\error_prone_annotations\2.1.3\error_prone_annotations-2.1.3.jar;C:\Users\Akshay Ghawade\.m2\repository\com\google\j2objc\j2objc-annotations\1.1\j2objc-annotations-1.1.jar;C:\Users\Akshay Ghawade\.m2\repository\org\codehaus\mojo\animal-sniffer-annotations\1.14\animal-sniffer-annotations-1.14.jar;C:\Users\Akshay Ghawade\.m2\repository\javax\inject\javax.inject\1\javax.inject-1.jar;C:\Users\Akshay Ghawade\.m2\repository\org\codehaus\plexus\plexus-component-annotations\1.7.1\plexus-component-annotations-1.7.1.jar;C:\Users\Akshay Ghawade\.m2\repository\org\apache\commons\commons-lang3\3.8.1\commons-lang3-3.8.1.jar;C:\Users\Akshay Ghawade\.m2\repository\io\github\classgraph\classgraph\4.8.24\classgraph-4.8.24.jar;C:\Users\Akshay Ghawade\.m2\repository\com\heliorm\core\0.91\core-0.91.jar;C:\Users\Akshay Ghawade\.m2\repository\com\heliorm\mysql\0.91\mysql-0.91.jar;C:\Users\Akshay Ghawade\.m2\repository\com\heliorm\postgresql\0.91\postgresql-0.91.jar;C:\Users\Akshay Ghawade\.m2\repository\junit\junit\4.11\junit-4.11.jar;C:\Users\Akshay Ghawade\.m2\repository\org\hamcrest\hamcrest-core\1.3\hamcrest-core-1.3.jar;"/>
    <property name="java.vm.vendor" value="Oracle Corporation"/>
    <property name="sun.arch.data.model" value="64"/>
    <property name="user.variant" value=""/>
    <property name="java.vendor.url" value="http://java.oracle.com/"/>
    <property name="user.timezone" value="Asia/Calcutta"/>
    <property name="java.vm.specification.version" value="1.8"/>
    <property name="os.name" value="Windows 7"/>
    <property name="user.country" value="IN"/>
    <property name="sun.java.launcher" value="SUN_STANDARD"/>
    <property name="sun.boot.library.path" value="C:\Program Files\Java\jdk8\jre\bin"/>
    <property name="sun.java.command" value="C:\Users\AKSHAY~1\AppData\Local\Temp\surefire6639558645308638869\surefirebooter259228131260341393.jar C:\Users\Akshay Ghawade\AppData\Local\Temp\surefire6639558645308638869 2022-01-18T15-56-58_159-jvmRun1 surefire6673106049162894536tmp surefire_08891095471044799430tmp"/>
    <property name="surefire.test.class.path" value="C:\Users\Akshay Ghawade\Desktop\webappflipkart\target\test-classes;C:\Users\Akshay Ghawade\Desktop\webappflipkart\target\classes;C:\Users\Akshay Ghawade\.m2\repository\org\webjars\bowergithub\jcgueriaud\google-map\2.0.5p\google-map-2.0.5p.jar;C:\Users\Akshay Ghawade\.m2\repository\org\webjars\bowergithub\polymer\polymer\2.8.0\polymer-2.8.0.jar;C:\Users\Akshay Ghawade\.m2\repository\org\webjars\bowergithub\webcomponents\shadycss\1.9.1\shadycss-1.9.1.jar;C:\Users\Akshay Ghawade\.m2\repository\org\webjars\bowergithub\webcomponents\webcomponentsjs\2.0.0-beta.3\webcomponentsjs-2.0.0-beta.3.jar;C:\Users\Akshay Ghawade\.m2\repository\org\webjars\bowergithub\googlewebcomponents\google-apis\2.0.2\google-apis-2.0.2.jar;C:\Users\Akshay Ghawade\.m2\repository\org\webjars\bowergithub\polymerelements\iron-jsonp-library\2.1.0\iron-jsonp-library-2.1.0.jar;C:\Users\Akshay Ghawade\.m2\repository\org\webjars\bowergithub\polymerelements\iron-resizable-behavior\2.1.1\iron-resizable-behavior-2.1.1.jar;C:\Users\Akshay Ghawade\.m2\repository\org\webjars\bowergithub\polymerelements\iron-selector\2.1.0\iron-selector-2.1.0.jar;C:\Users\Akshay Ghawade\.m2\repository\com\heliorm\generate-sql-plugin\0.91\generate-sql-plugin-0.91.jar;C:\Users\Akshay Ghawade\.m2\repository\org\apache\maven\maven-plugin-api\3.6.0\maven-plugin-api-3.6.0.jar;C:\Users\Akshay Ghawade\.m2\repository\org\apache\maven\maven-model\3.6.0\maven-model-3.6.0.jar;C:\Users\Akshay Ghawade\.m2\repository\org\apache\maven\maven-artifact\3.6.0\maven-artifact-3.6.0.jar;C:\Users\Akshay Ghawade\.m2\repository\org\eclipse\sisu\org.eclipse.sisu.plexus\0.3.3\org.eclipse.sisu.plexus-0.3.3.jar;C:\Users\Akshay Ghawade\.m2\repository\javax\enterprise\cdi-api\1.0\cdi-api-1.0.jar;C:\Users\Akshay Ghawade\.m2\repository\javax\annotation\jsr250-api\1.0\jsr250-api-1.0.jar;C:\Users\Akshay Ghawade\.m2\repository\org\codehaus\plexus\plexus-utils\3.1.0\plexus-utils-3.1.0.jar;C:\Users\Akshay Ghawade\.m2\repository\org\codehaus\plexus\plexus-classworlds\2.5.2\plexus-classworlds-2.5.2.jar;C:\Users\Akshay Ghawade\.m2\repository\org\apache\maven\maven-core\3.6.0\maven-core-3.6.0.jar;C:\Users\Akshay Ghawade\.m2\repository\org\apache\maven\maven-settings\3.6.0\maven-settings-3.6.0.jar;C:\Users\Akshay Ghawade\.m2\repository\org\apache\maven\maven-settings-builder\3.6.0\maven-settings-builder-3.6.0.jar;C:\Users\Akshay Ghawade\.m2\repository\org\codehaus\plexus\plexus-interpolation\1.25\plexus-interpolation-1.25.jar;C:\Users\Akshay Ghawade\.m2\repository\org\sonatype\plexus\plexus-sec-dispatcher\1.4\plexus-sec-dispatcher-1.4.jar;C:\Users\Akshay Ghawade\.m2\repository\org\sonatype\plexus\plexus-cipher\1.4\plexus-cipher-1.4.jar;C:\Users\Akshay Ghawade\.m2\repository\org\apache\maven\maven-builder-support\3.6.0\maven-builder-support-3.6.0.jar;C:\Users\Akshay Ghawade\.m2\repository\org\apache\maven\maven-repository-metadata\3.6.0\maven-repository-metadata-3.6.0.jar;C:\Users\Akshay Ghawade\.m2\repository\org\apache\maven\maven-model-builder\3.6.0\maven-model-builder-3.6.0.jar;C:\Users\Akshay Ghawade\.m2\repository\org\apache\maven\maven-resolver-provider\3.6.0\maven-resolver-provider-3.6.0.jar;C:\Users\Akshay Ghawade\.m2\repository\org\slf4j\slf4j-api\1.7.25\slf4j-api-1.7.25.jar;C:\Users\Akshay Ghawade\.m2\repository\org\apache\maven\resolver\maven-resolver-impl\1.3.1\maven-resolver-impl-1.3.1.jar;C:\Users\Akshay Ghawade\.m2\repository\org\apache\maven\resolver\maven-resolver-api\1.3.1\maven-resolver-api-1.3.1.jar;C:\Users\Akshay Ghawade\.m2\repository\org\apache\maven\resolver\maven-resolver-spi\1.3.1\maven-resolver-spi-1.3.1.jar;C:\Users\Akshay Ghawade\.m2\repository\org\apache\maven\resolver\maven-resolver-util\1.3.1\maven-resolver-util-1.3.1.jar;C:\Users\Akshay Ghawade\.m2\repository\org\apache\maven\shared\maven-shared-utils\3.2.1\maven-shared-utils-3.2.1.jar;C:\Users\Akshay Ghawade\.m2\repository\commons-io\commons-io\2.5\commons-io-2.5.jar;C:\Users\Akshay Ghawade\.m2\repository\org\eclipse\sisu\org.eclipse.sisu.inject\0.3.3\org.eclipse.sisu.inject-0.3.3.jar;C:\Users\Akshay Ghawade\.m2\repository\com\google\inject\guice\4.2.1\guice-4.2.1-no_aop.jar;C:\Users\Akshay Ghawade\.m2\repository\aopalliance\aopalliance\1.0\aopalliance-1.0.jar;C:\Users\Akshay Ghawade\.m2\repository\com\google\guava\guava\25.1-android\guava-25.1-android.jar;C:\Users\Akshay Ghawade\.m2\repository\com\google\code\findbugs\jsr305\3.0.2\jsr305-3.0.2.jar;C:\Users\Akshay Ghawade\.m2\repository\org\checkerframework\checker-compat-qual\2.0.0\checker-compat-qual-2.0.0.jar;C:\Users\Akshay Ghawade\.m2\repository\com\google\errorprone\error_prone_annotations\2.1.3\error_prone_annotations-2.1.3.jar;C:\Users\Akshay Ghawade\.m2\repository\com\google\j2objc\j2objc-annotations\1.1\j2objc-annotations-1.1.jar;C:\Users\Akshay Ghawade\.m2\repository\org\codehaus\mojo\animal-sniffer-annotations\1.14\animal-sniffer-annotations-1.14.jar;C:\Users\Akshay Ghawade\.m2\repository\javax\inject\javax.inject\1\javax.inject-1.jar;C:\Users\Akshay Ghawade\.m2\repository\org\codehaus\plexus\plexus-component-annotations\1.7.1\plexus-component-annotations-1.7.1.jar;C:\Users\Akshay Ghawade\.m2\repository\org\apache\commons\commons-lang3\3.8.1\commons-lang3-3.8.1.jar;C:\Users\Akshay Ghawade\.m2\repository\io\github\classgraph\classgraph\4.8.24\classgraph-4.8.24.jar;C:\Users\Akshay Ghawade\.m2\repository\com\heliorm\core\0.91\core-0.91.jar;C:\Users\Akshay Ghawade\.m2\repository\com\heliorm\mysql\0.91\mysql-0.91.jar;C:\Users\Akshay Ghawade\.m2\repository\com\heliorm\postgresql\0.91\postgresql-0.91.jar;C:\Users\Akshay Ghawade\.m2\repository\junit\junit\4.11\junit-4.11.jar;C:\Users\Akshay Ghawade\.m2\repository\org\hamcrest\hamcrest-core\1.3\hamcrest-core-1.3.jar;"/>
    <property name="sun.cpu.endian" value="little"/>
    <property name="user.home" value="C:\Users\Akshay Ghawade"/>
    <property name="user.language" value="en"/>
    <property name="java.specification.vendor" value="Oracle Corporation"/>
    <property name="java.home" value="C:\Program Files\Java\jdk8\jre"/>
    <property name="basedir" value="C:\Users\Akshay Ghawade\Desktop\webappflipkart"/>
    <property name="file.separator" value="\"/>
    <property name="line.separator" value="&#10;"/>
    <property name="java.vm.specification.vendor" value="Oracle Corporation"/>
    <property name="java.specification.name" value="Java Platform API Specification"/>
    <property name="java.awt.graphicsenv" value="sun.awt.Win32GraphicsEnvironment"/>
    <property name="surefire.real.class.path" value="C:\Users\AKSHAY~1\AppData\Local\Temp\surefire6639558645308638869\surefirebooter259228131260341393.jar"/>
    <property name="sun.boot.class.path" value="C:\Program Files\Java\jdk8\jre\lib\resources.jar;C:\Program Files\Java\jdk8\jre\lib\rt.jar;C:\Program Files\Java\jdk8\jre\lib\sunrsasign.jar;C:\Program Files\Java\jdk8\jre\lib\jsse.jar;C:\Program Files\Java\jdk8\jre\lib\jce.jar;C:\Program Files\Java\jdk8\jre\lib\charsets.jar;C:\Program Files\Java\jdk8\jre\lib\jfr.jar;C:\Program Files\Java\jdk8\jre\classes"/>
    <property name="user.script" value=""/>
    <property name="sun.management.compiler" value="HotSpot 64-Bit Tiered Compilers"/>
    <property name="java.runtime.version" value="1.8.0_181-b13"/>
    <property name="user.name" value="Akshay Ghawade"/>
    <property name="path.separator" value=";"/>
    <property name="os.version" value="6.1"/>
    <property name="java.endorsed.dirs" value="C:\Program Files\Java\jdk8\jre\lib\endorsed"/>
    <property name="java.runtime.name" value="Java(TM) SE Runtime Environment"/>
    <property name="file.encoding" value="Cp1252"/>
    <property name="java.vm.name" value="Java HotSpot(TM) 64-Bit Server VM"/>
    <property name="localRepository" value="C:\Users\Akshay Ghawade\.m2\repository"/>
    <property name="java.vendor.url.bug" value="http://bugreport.sun.com/bugreport/"/>
    <property name="java.io.tmpdir" value="C:\Users\AKSHAY~1\AppData\Local\Temp\"/>
    <property name="java.version" value="1.8.0_181"/>
    <property name="user.dir" value="C:\Users\Akshay Ghawade\Desktop\webappflipkart"/>
    <property name="os.arch" value="amd64"/>
    <property name="java.vm.specification.name" value="Java Virtual Machine Specification"/>
    <property name="java.awt.printerjob" value="sun.awt.windows.WPrinterJob"/>
    <property name="sun.os.patch.level" value="Service Pack 1"/>
    <property name="java.library.path" value="C:\Program Files\Java\jdk8\jre\bin;C:\windows\Sun\Java\bin;C:\windows\system32;C:\windows;C:\Users\Akshay Ghawade\bin;C:\Program Files\Git\mingw64\bin;C:\Program Files\Git\usr\local\bin;C:\Program Files\Git\usr\bin;C:\Program Files\Git\usr\bin;C:\Program Files\Git\mingw64\bin;C:\Program Files\Git\usr\bin;C:\Users\Akshay Ghawade\bin;C:\Program Files\Microsoft MPI\Bin;C:\Program Files\Java\jdk8\bin;C:\Program Files\Java\jre8\bin;C:\Program Files\dotnet;C:\Program Files\PuTTY;C:\Program Files\Amazon\AWSCLI\bin;C:\Program Files\Microsoft SQL Server\130\Tools\Binn;C:\Program Files\Git\cmd;C:\windows\System32\WindowsPowerShell\v1.0;C:\Users\Akshay Ghawade\AppData\Local\Programs\Python\Python37\Scripts;C:\Users\Akshay Ghawade\AppData\Local\Programs\Python\Python37;C:\Users\Akshay Ghawade\AppData\Local\Programs\Python\Python37-32\Scripts;C:\Users\Akshay Ghawade\AppData\Local\Programs\Python\Python37-32;C:\Program Files\Java\jdk8\bin;C:\Users\Akshay Ghawade\Downloads\apache-maven-3.8.4-bin\apache-maven-3.8.4\bin;C:\Program Files\Git\usr\bin\vendor_perl;C:\Program Files\Git\usr\bin\core_perl;."/>
    <property name="java.vm.info" value="mixed mode"/>
    <property name="java.vendor" value="Oracle Corporation"/>
    <property name="java.vm.version" value="25.181-b13"/>
    <property name="java.ext.dirs" value="C:\Program Files\Java\jdk8\jre\lib\ext;C:\windows\Sun\Java\lib\ext"/>
    <property name="sun.io.unicode.encoding" value="UnicodeLittle"/>
    <property name="java.class.version" value="52.0"/>
  </properties>
  <testcase name="shouldAnswerWithTrue" classname="com.flipkart.AppTest" time="0.001"/>
</testsuite>